<?xml version="1.0" encoding="UTF-8"?>
<testsuite name="Iniciar sesion" tests="1" skipped="0" failures="1" errors="0" timestamp="2020-04-08T18:13:43" hostname="DESKTOP-4KDK87F" time="28.817">
  <properties/>
  <testcase name="Inicio de sesion" classname="Iniciar sesion" time="28.817">
    <failure message="java.lang.AssertionError: Se esperaba pruebas123pero se obtuvo " type="java.lang.AssertionError">java.lang.AssertionError: Se esperaba pruebas123pero se obtuvo 
	at org.junit.Assert.fail(Assert.java:88)
	at org.junit.Assert.assertTrue(Assert.java:41)
	at Business.loginController.getUserNameTitle(loginController.java:50)
	at loginStep.deboDeVisualizarMiNombreDeUsuarioEnLaParteDerecha(loginStep.java:35)
	at ✽.Debo de visualizar mi nombre de usuario en la parte derecha &quot;pruebas123&quot;(src/main/resources/Features/login.feature:23)
</failure>
  </testcase>
  <system-out><![CDATA[?[32m.?[0m?[32m.?[0m?[32m.?[0m?[32m.?[0m?[32m.?[0m?[31mF?[0m?[36m-?[0m?[36m-?[0m?[36m-?[0m?[36m-?[0m]]></system-out>
  <system-err><![CDATA[SLF4J: Failed to load class "org.slf4j.impl.StaticLoggerBinder".
SLF4J: Defaulting to no-operation (NOP) logger implementation
SLF4J: See http://www.slf4j.org/codes.html#StaticLoggerBinder for further details.
Starting ChromeDriver 81.0.4044.69 (6813546031a4bc83f717a2ef7cd4ac6ec1199132-refs/branch-heads/4044@{#776}) on port 34950
Only local connections are allowed.
Please protect ports used by ChromeDriver and related test frameworks to prevent access by malicious code.
abr. 08, 2020 1:13:48 P. M. org.openqa.selenium.remote.ProtocolHandshake createSession
INFORMACIÓN: Detected dialect: W3C
[1586369631.805][SEVERE]: Timed out receiving message from renderer: 0.100
[1586369631.907][SEVERE]: Timed out receiving message from renderer: 0.100
[1586369632.008][SEVERE]: Timed out receiving message from renderer: 0.100
[1586369632.110][SEVERE]: Timed out receiving message from renderer: 0.100
[1586369632.212][SEVERE]: Timed out receiving message from renderer: 0.100
[1586369632.313][SEVERE]: Timed out receiving message from renderer: 0.100
[1586369632.414][SEVERE]: Timed out receiving message from renderer: 0.100
[1586369632.528][SEVERE]: Timed out receiving message from renderer: 0.100
[1586369632.629][SEVERE]: Timed out receiving message from renderer: 0.100
[1586369632.730][SEVERE]: Timed out receiving message from renderer: 0.100
]]></system-err>
</testsuite>
