<?xml version="1.0" encoding="UTF-8"?>
<testsuite name="RunnerLogin" tests="0" skipped="0" failures="0" errors="0" timestamp="1970-01-01T00:00:00" hostname="DESKTOP-4KDK87F" time="0.0">
  <properties/>
  <system-out><![CDATA[
?[31mFailed scenarios:?[0m
?[31msrc/main/resources/Features/login.feature:18 ?[0m# Inicio de sesion

1 Scenarios (?[31m1 failed?[0m)
10 Steps (?[31m1 failed?[0m, ?[36m4 skipped?[0m, ?[32m5 passed?[0m)
0m30,098s

java.lang.AssertionError: Se esperaba pruebas123pero se obtuvo 
	at org.junit.Assert.fail(Assert.java:88)
	at org.junit.Assert.assertTrue(Assert.java:41)
	at Business.loginController.getUserNameTitle(loginController.java:50)
	at loginStep.deboDeVisualizarMiNombreDeUsuarioEnLaParteDerecha(loginStep.java:35)
	at ?.Debo de visualizar mi nombre de usuario en la parte derecha "pruebas123"(src/main/resources/Features/login.feature:23)


]]></system-out>
  <system-err><![CDATA[]]></system-err>
</testsuite>
